[2023-07-13 08:00:15] laravel.EMERGENCY: Unable to create configured logger. Using emergency logger. {"exception":"[object] (InvalidArgumentException(code: 0): Invalid log level. at /var/www/dev.org/vendor/laravel/framework/src/Illuminate/Log/ParsesLogConfiguration.php:49)
[stacktrace]
#0 /var/www/dev.org/vendor/laravel/framework/src/Illuminate/Log/LogManager.php(311): Illuminate\\Log\\LogManager->level()
#1 /var/www/dev.org/vendor/laravel/framework/src/Illuminate/Log/LogManager.php(222): Illuminate\\Log\\LogManager->createDailyDriver()
#2 /var/www/dev.org/vendor/laravel/framework/src/Illuminate/Log/LogManager.php(137): Illuminate\\Log\\LogManager->resolve()
#3 /var/www/dev.org/vendor/laravel/framework/src/Illuminate/Log/LogManager.php(124): Illuminate\\Log\\LogManager->get()
#4 /var/www/dev.org/vendor/laravel/framework/src/Illuminate/Log/LogManager.php(113): Illuminate\\Log\\LogManager->driver()
#5 /var/www/dev.org/vendor/laravel/framework/src/Illuminate/Log/LogManager.php(267): Illuminate\\Log\\LogManager->channel()
#6 [internal function]: Illuminate\\Log\\LogManager->Illuminate\\Log\\{closure}()
#7 /var/www/dev.org/vendor/laravel/framework/src/Illuminate/Collections/Arr.php(558): array_map()
#8 /var/www/dev.org/vendor/laravel/framework/src/Illuminate/Collections/Collection.php(772): Illuminate\\Support\\Arr::map()
#9 /var/www/dev.org/vendor/laravel/framework/src/Illuminate/Collections/Traits/EnumeratesValues.php(371): Illuminate\\Support\\Collection->map()
#10 /var/www/dev.org/vendor/laravel/framework/src/Illuminate/Log/LogManager.php(264): Illuminate\\Support\\Collection->flatMap()
#11 /var/www/dev.org/vendor/laravel/framework/src/Illuminate/Log/LogManager.php(222): Illuminate\\Log\\LogManager->createStackDriver()
#12 /var/www/dev.org/vendor/laravel/framework/src/Illuminate/Log/LogManager.php(137): Illuminate\\Log\\LogManager->resolve()
#13 /var/www/dev.org/vendor/laravel/framework/src/Illuminate/Log/LogManager.php(124): Illuminate\\Log\\LogManager->get()
#14 /var/www/dev.org/vendor/laravel/framework/src/Illuminate/Log/LogManager.php(743): Illuminate\\Log\\LogManager->driver()
#15 /var/www/dev.org/vendor/barryvdh/laravel-debugbar/src/LaravelDebugbar.php(252): Illuminate\\Log\\LogManager->__call()
#16 /var/www/dev.org/vendor/barryvdh/laravel-debugbar/src/Middleware/InjectDebugbar.php(62): Barryvdh\\Debugbar\\LaravelDebugbar->boot()
#17 /var/www/dev.org/vendor/laravel/framework/src/Illuminate/Pipeline/Pipeline.php(180): Barryvdh\\Debugbar\\Middleware\\InjectDebugbar->handle()
#18 /var/www/dev.org/vendor/laravel/framework/src/Illuminate/Foundation/Http/Middleware/TransformsRequest.php(21): Illuminate\\Pipeline\\Pipeline->Illuminate\\Pipeline\\{closure}()
#19 /var/www/dev.org/vendor/laravel/framework/src/Illuminate/Foundation/Http/Middleware/ConvertEmptyStringsToNull.php(31): Illuminate\\Foundation\\Http\\Middleware\\TransformsRequest->handle()
#20 /var/www/dev.org/vendor/laravel/framework/src/Illuminate/Pipeline/Pipeline.php(180): Illuminate\\Foundation\\Http\\Middleware\\ConvertEmptyStringsToNull->handle()
#21 /var/www/dev.org/vendor/laravel/framework/src/Illuminate/Foundation/Http/Middleware/TransformsRequest.php(21): Illuminate\\Pipeline\\Pipeline->Illuminate\\Pipeline\\{closure}()
#22 /var/www/dev.org/vendor/laravel/framework/src/Illuminate/Foundation/Http/Middleware/TrimStrings.php(40): Illuminate\\Foundation\\Http\\Middleware\\TransformsRequest->handle()
#23 /var/www/dev.org/vendor/laravel/framework/src/Illuminate/Pipeline/Pipeline.php(180): Illuminate\\Foundation\\Http\\Middleware\\TrimStrings->handle()
#24 /var/www/dev.org/vendor/laravel/framework/src/Illuminate/Foundation/Http/Middleware/ValidatePostSize.php(27): Illuminate\\Pipeline\\Pipeline->Illuminate\\Pipeline\\{closure}()
#25 /var/www/dev.org/vendor/laravel/framework/src/Illuminate/Pipeline/Pipeline.php(180): Illuminate\\Foundation\\Http\\Middleware\\ValidatePostSize->handle()
#26 /var/www/dev.org/vendor/laravel/framework/src/Illuminate/Foundation/Http/Middleware/PreventRequestsDuringMaintenance.php(86): Illuminate\\Pipeline\\Pipeline->Illuminate\\Pipeline\\{closure}()
#27 /var/www/dev.org/vendor/laravel/framework/src/Illuminate/Pipeline/Pipeline.php(180): Illuminate\\Foundation\\Http\\Middleware\\PreventRequestsDuringMaintenance->handle()
#28 /var/www/dev.org/vendor/laravel/framework/src/Illuminate/Http/Middleware/HandleCors.php(49): Illuminate\\Pipeline\\Pipeline->Illuminate\\Pipeline\\{closure}()
#29 /var/www/dev.org/vendor/laravel/framework/src/Illuminate/Pipeline/Pipeline.php(180): Illuminate\\Http\\Middleware\\HandleCors->handle()
#30 /var/www/dev.org/vendor/laravel/framework/src/Illuminate/Http/Middleware/TrustProxies.php(39): Illuminate\\Pipeline\\Pipeline->Illuminate\\Pipeline\\{closure}()
#31 /var/www/dev.org/vendor/laravel/framework/src/Illuminate/Pipeline/Pipeline.php(180): Illuminate\\Http\\Middleware\\TrustProxies->handle()
#32 /var/www/dev.org/vendor/laravel/framework/src/Illuminate/Pipeline/Pipeline.php(116): Illuminate\\Pipeline\\Pipeline->Illuminate\\Pipeline\\{closure}()
#33 /var/www/dev.org/vendor/laravel/framework/src/Illuminate/Foundation/Http/Kernel.php(175): Illuminate\\Pipeline\\Pipeline->then()
#34 /var/www/dev.org/vendor/laravel/framework/src/Illuminate/Foundation/Http/Kernel.php(144): Illuminate\\Foundation\\Http\\Kernel->sendRequestThroughRouter()
#35 /var/www/dev.org/public/index.php(51): Illuminate\\Foundation\\Http\\Kernel->handle()
#36 {main}
"} 
[2023-07-13 08:00:15] laravel.EMERGENCY: Unable to create configured logger. Using emergency logger. {"exception":"[object] (InvalidArgumentException(code: 0): Invalid log level. at /var/www/dev.org/vendor/laravel/framework/src/Illuminate/Log/ParsesLogConfiguration.php:49)
[stacktrace]
#0 /var/www/dev.org/vendor/laravel/framework/src/Illuminate/Log/LogManager.php(334): Illuminate\\Log\\LogManager->level()
#1 /var/www/dev.org/vendor/laravel/framework/src/Illuminate/Log/LogManager.php(222): Illuminate\\Log\\LogManager->createSlackDriver()
#2 /var/www/dev.org/vendor/laravel/framework/src/Illuminate/Log/LogManager.php(137): Illuminate\\Log\\LogManager->resolve()
#3 /var/www/dev.org/vendor/laravel/framework/src/Illuminate/Log/LogManager.php(124): Illuminate\\Log\\LogManager->get()
#4 /var/www/dev.org/vendor/laravel/framework/src/Illuminate/Log/LogManager.php(113): Illuminate\\Log\\LogManager->driver()
#5 /var/www/dev.org/vendor/laravel/framework/src/Illuminate/Log/LogManager.php(267): Illuminate\\Log\\LogManager->channel()
#6 [internal function]: Illuminate\\Log\\LogManager->Illuminate\\Log\\{closure}()
#7 /var/www/dev.org/vendor/laravel/framework/src/Illuminate/Collections/Arr.php(558): array_map()
#8 /var/www/dev.org/vendor/laravel/framework/src/Illuminate/Collections/Collection.php(772): Illuminate\\Support\\Arr::map()
#9 /var/www/dev.org/vendor/laravel/framework/src/Illuminate/Collections/Traits/EnumeratesValues.php(371): Illuminate\\Support\\Collection->map()
#10 /var/www/dev.org/vendor/laravel/framework/src/Illuminate/Log/LogManager.php(264): Illuminate\\Support\\Collection->flatMap()
#11 /var/www/dev.org/vendor/laravel/framework/src/Illuminate/Log/LogManager.php(222): Illuminate\\Log\\LogManager->createStackDriver()
#12 /var/www/dev.org/vendor/laravel/framework/src/Illuminate/Log/LogManager.php(137): Illuminate\\Log\\LogManager->resolve()
#13 /var/www/dev.org/vendor/laravel/framework/src/Illuminate/Log/LogManager.php(124): Illuminate\\Log\\LogManager->get()
#14 /var/www/dev.org/vendor/laravel/framework/src/Illuminate/Log/LogManager.php(743): Illuminate\\Log\\LogManager->driver()
#15 /var/www/dev.org/vendor/barryvdh/laravel-debugbar/src/LaravelDebugbar.php(252): Illuminate\\Log\\LogManager->__call()
#16 /var/www/dev.org/vendor/barryvdh/laravel-debugbar/src/Middleware/InjectDebugbar.php(62): Barryvdh\\Debugbar\\LaravelDebugbar->boot()
#17 /var/www/dev.org/vendor/laravel/framework/src/Illuminate/Pipeline/Pipeline.php(180): Barryvdh\\Debugbar\\Middleware\\InjectDebugbar->handle()
#18 /var/www/dev.org/vendor/laravel/framework/src/Illuminate/Foundation/Http/Middleware/TransformsRequest.php(21): Illuminate\\Pipeline\\Pipeline->Illuminate\\Pipeline\\{closure}()
#19 /var/www/dev.org/vendor/laravel/framework/src/Illuminate/Foundation/Http/Middleware/ConvertEmptyStringsToNull.php(31): Illuminate\\Foundation\\Http\\Middleware\\TransformsRequest->handle()
#20 /var/www/dev.org/vendor/laravel/framework/src/Illuminate/Pipeline/Pipeline.php(180): Illuminate\\Foundation\\Http\\Middleware\\ConvertEmptyStringsToNull->handle()
#21 /var/www/dev.org/vendor/laravel/framework/src/Illuminate/Foundation/Http/Middleware/TransformsRequest.php(21): Illuminate\\Pipeline\\Pipeline->Illuminate\\Pipeline\\{closure}()
#22 /var/www/dev.org/vendor/laravel/framework/src/Illuminate/Foundation/Http/Middleware/TrimStrings.php(40): Illuminate\\Foundation\\Http\\Middleware\\TransformsRequest->handle()
#23 /var/www/dev.org/vendor/laravel/framework/src/Illuminate/Pipeline/Pipeline.php(180): Illuminate\\Foundation\\Http\\Middleware\\TrimStrings->handle()
#24 /var/www/dev.org/vendor/laravel/framework/src/Illuminate/Foundation/Http/Middleware/ValidatePostSize.php(27): Illuminate\\Pipeline\\Pipeline->Illuminate\\Pipeline\\{closure}()
#25 /var/www/dev.org/vendor/laravel/framework/src/Illuminate/Pipeline/Pipeline.php(180): Illuminate\\Foundation\\Http\\Middleware\\ValidatePostSize->handle()
#26 /var/www/dev.org/vendor/laravel/framework/src/Illuminate/Foundation/Http/Middleware/PreventRequestsDuringMaintenance.php(86): Illuminate\\Pipeline\\Pipeline->Illuminate\\Pipeline\\{closure}()
#27 /var/www/dev.org/vendor/laravel/framework/src/Illuminate/Pipeline/Pipeline.php(180): Illuminate\\Foundation\\Http\\Middleware\\PreventRequestsDuringMaintenance->handle()
#28 /var/www/dev.org/vendor/laravel/framework/src/Illuminate/Http/Middleware/HandleCors.php(49): Illuminate\\Pipeline\\Pipeline->Illuminate\\Pipeline\\{closure}()
#29 /var/www/dev.org/vendor/laravel/framework/src/Illuminate/Pipeline/Pipeline.php(180): Illuminate\\Http\\Middleware\\HandleCors->handle()
#30 /var/www/dev.org/vendor/laravel/framework/src/Illuminate/Http/Middleware/TrustProxies.php(39): Illuminate\\Pipeline\\Pipeline->Illuminate\\Pipeline\\{closure}()
#31 /var/www/dev.org/vendor/laravel/framework/src/Illuminate/Pipeline/Pipeline.php(180): Illuminate\\Http\\Middleware\\TrustProxies->handle()
#32 /var/www/dev.org/vendor/laravel/framework/src/Illuminate/Pipeline/Pipeline.php(116): Illuminate\\Pipeline\\Pipeline->Illuminate\\Pipeline\\{closure}()
#33 /var/www/dev.org/vendor/laravel/framework/src/Illuminate/Foundation/Http/Kernel.php(175): Illuminate\\Pipeline\\Pipeline->then()
#34 /var/www/dev.org/vendor/laravel/framework/src/Illuminate/Foundation/Http/Kernel.php(144): Illuminate\\Foundation\\Http\\Kernel->sendRequestThroughRouter()
#35 /var/www/dev.org/public/index.php(51): Illuminate\\Foundation\\Http\\Kernel->handle()
#36 {main}
"} 
[2023-07-13 08:00:15] laravel.EMERGENCY: Unable to create configured logger. Using emergency logger. {"exception":"[object] (InvalidArgumentException(code: 0): Invalid log level. at /var/www/dev.org/vendor/laravel/framework/src/Illuminate/Log/ParsesLogConfiguration.php:49)
[stacktrace]
#0 /var/www/dev.org/vendor/laravel/framework/src/Illuminate/Log/LogManager.php(311): Illuminate\\Log\\LogManager->level()
#1 /var/www/dev.org/vendor/laravel/framework/src/Illuminate/Log/LogManager.php(222): Illuminate\\Log\\LogManager->createDailyDriver()
#2 /var/www/dev.org/vendor/laravel/framework/src/Illuminate/Log/LogManager.php(137): Illuminate\\Log\\LogManager->resolve()
#3 /var/www/dev.org/vendor/laravel/framework/src/Illuminate/Log/LogManager.php(124): Illuminate\\Log\\LogManager->get()
#4 /var/www/dev.org/vendor/laravel/framework/src/Illuminate/Log/LogManager.php(113): Illuminate\\Log\\LogManager->driver()
#5 /var/www/dev.org/vendor/laravel/framework/src/Illuminate/Log/LogManager.php(273): Illuminate\\Log\\LogManager->channel()
#6 [internal function]: Illuminate\\Log\\LogManager->Illuminate\\Log\\{closure}()
#7 /var/www/dev.org/vendor/laravel/framework/src/Illuminate/Collections/Arr.php(558): array_map()
#8 /var/www/dev.org/vendor/laravel/framework/src/Illuminate/Collections/Collection.php(772): Illuminate\\Support\\Arr::map()
#9 /var/www/dev.org/vendor/laravel/framework/src/Illuminate/Collections/Traits/EnumeratesValues.php(371): Illuminate\\Support\\Collection->map()
#10 /var/www/dev.org/vendor/laravel/framework/src/Illuminate/Log/LogManager.php(270): Illuminate\\Support\\Collection->flatMap()
#11 /var/www/dev.org/vendor/laravel/framework/src/Illuminate/Log/LogManager.php(222): Illuminate\\Log\\LogManager->createStackDriver()
#12 /var/www/dev.org/vendor/laravel/framework/src/Illuminate/Log/LogManager.php(137): Illuminate\\Log\\LogManager->resolve()
#13 /var/www/dev.org/vendor/laravel/framework/src/Illuminate/Log/LogManager.php(124): Illuminate\\Log\\LogManager->get()
#14 /var/www/dev.org/vendor/laravel/framework/src/Illuminate/Log/LogManager.php(743): Illuminate\\Log\\LogManager->driver()
#15 /var/www/dev.org/vendor/barryvdh/laravel-debugbar/src/LaravelDebugbar.php(252): Illuminate\\Log\\LogManager->__call()
#16 /var/www/dev.org/vendor/barryvdh/laravel-debugbar/src/Middleware/InjectDebugbar.php(62): Barryvdh\\Debugbar\\LaravelDebugbar->boot()
#17 /var/www/dev.org/vendor/laravel/framework/src/Illuminate/Pipeline/Pipeline.php(180): Barryvdh\\Debugbar\\Middleware\\InjectDebugbar->handle()
#18 /var/www/dev.org/vendor/laravel/framework/src/Illuminate/Foundation/Http/Middleware/TransformsRequest.php(21): Illuminate\\Pipeline\\Pipeline->Illuminate\\Pipeline\\{closure}()
#19 /var/www/dev.org/vendor/laravel/framework/src/Illuminate/Foundation/Http/Middleware/ConvertEmptyStringsToNull.php(31): Illuminate\\Foundation\\Http\\Middleware\\TransformsRequest->handle()
#20 /var/www/dev.org/vendor/laravel/framework/src/Illuminate/Pipeline/Pipeline.php(180): Illuminate\\Foundation\\Http\\Middleware\\ConvertEmptyStringsToNull->handle()
#21 /var/www/dev.org/vendor/laravel/framework/src/Illuminate/Foundation/Http/Middleware/TransformsRequest.php(21): Illuminate\\Pipeline\\Pipeline->Illuminate\\Pipeline\\{closure}()
#22 /var/www/dev.org/vendor/laravel/framework/src/Illuminate/Foundation/Http/Middleware/TrimStrings.php(40): Illuminate\\Foundation\\Http\\Middleware\\TransformsRequest->handle()
#23 /var/www/dev.org/vendor/laravel/framework/src/Illuminate/Pipeline/Pipeline.php(180): Illuminate\\Foundation\\Http\\Middleware\\TrimStrings->handle()
#24 /var/www/dev.org/vendor/laravel/framework/src/Illuminate/Foundation/Http/Middleware/ValidatePostSize.php(27): Illuminate\\Pipeline\\Pipeline->Illuminate\\Pipeline\\{closure}()
#25 /var/www/dev.org/vendor/laravel/framework/src/Illuminate/Pipeline/Pipeline.php(180): Illuminate\\Foundation\\Http\\Middleware\\ValidatePostSize->handle()
#26 /var/www/dev.org/vendor/laravel/framework/src/Illuminate/Foundation/Http/Middleware/PreventRequestsDuringMaintenance.php(86): Illuminate\\Pipeline\\Pipeline->Illuminate\\Pipeline\\{closure}()
#27 /var/www/dev.org/vendor/laravel/framework/src/Illuminate/Pipeline/Pipeline.php(180): Illuminate\\Foundation\\Http\\Middleware\\PreventRequestsDuringMaintenance->handle()
#28 /var/www/dev.org/vendor/laravel/framework/src/Illuminate/Http/Middleware/HandleCors.php(49): Illuminate\\Pipeline\\Pipeline->Illuminate\\Pipeline\\{closure}()
#29 /var/www/dev.org/vendor/laravel/framework/src/Illuminate/Pipeline/Pipeline.php(180): Illuminate\\Http\\Middleware\\HandleCors->handle()
#30 /var/www/dev.org/vendor/laravel/framework/src/Illuminate/Http/Middleware/TrustProxies.php(39): Illuminate\\Pipeline\\Pipeline->Illuminate\\Pipeline\\{closure}()
#31 /var/www/dev.org/vendor/laravel/framework/src/Illuminate/Pipeline/Pipeline.php(180): Illuminate\\Http\\Middleware\\TrustProxies->handle()
#32 /var/www/dev.org/vendor/laravel/framework/src/Illuminate/Pipeline/Pipeline.php(116): Illuminate\\Pipeline\\Pipeline->Illuminate\\Pipeline\\{closure}()
#33 /var/www/dev.org/vendor/laravel/framework/src/Illuminate/Foundation/Http/Kernel.php(175): Illuminate\\Pipeline\\Pipeline->then()
#34 /var/www/dev.org/vendor/laravel/framework/src/Illuminate/Foundation/Http/Kernel.php(144): Illuminate\\Foundation\\Http\\Kernel->sendRequestThroughRouter()
#35 /var/www/dev.org/public/index.php(51): Illuminate\\Foundation\\Http\\Kernel->handle()
#36 {main}
"} 
[2023-07-13 08:00:15] laravel.EMERGENCY: Unable to create configured logger. Using emergency logger. {"exception":"[object] (InvalidArgumentException(code: 0): Invalid log level. at /var/www/dev.org/vendor/laravel/framework/src/Illuminate/Log/ParsesLogConfiguration.php:49)
[stacktrace]
#0 /var/www/dev.org/vendor/laravel/framework/src/Illuminate/Log/LogManager.php(334): Illuminate\\Log\\LogManager->level()
#1 /var/www/dev.org/vendor/laravel/framework/src/Illuminate/Log/LogManager.php(222): Illuminate\\Log\\LogManager->createSlackDriver()
#2 /var/www/dev.org/vendor/laravel/framework/src/Illuminate/Log/LogManager.php(137): Illuminate\\Log\\LogManager->resolve()
#3 /var/www/dev.org/vendor/laravel/framework/src/Illuminate/Log/LogManager.php(124): Illuminate\\Log\\LogManager->get()
#4 /var/www/dev.org/vendor/laravel/framework/src/Illuminate/Log/LogManager.php(113): Illuminate\\Log\\LogManager->driver()
#5 /var/www/dev.org/vendor/laravel/framework/src/Illuminate/Log/LogManager.php(273): Illuminate\\Log\\LogManager->channel()
#6 [internal function]: Illuminate\\Log\\LogManager->Illuminate\\Log\\{closure}()
#7 /var/www/dev.org/vendor/laravel/framework/src/Illuminate/Collections/Arr.php(558): array_map()
#8 /var/www/dev.org/vendor/laravel/framework/src/Illuminate/Collections/Collection.php(772): Illuminate\\Support\\Arr::map()
#9 /var/www/dev.org/vendor/laravel/framework/src/Illuminate/Collections/Traits/EnumeratesValues.php(371): Illuminate\\Support\\Collection->map()
#10 /var/www/dev.org/vendor/laravel/framework/src/Illuminate/Log/LogManager.php(270): Illuminate\\Support\\Collection->flatMap()
#11 /var/www/dev.org/vendor/laravel/framework/src/Illuminate/Log/LogManager.php(222): Illuminate\\Log\\LogManager->createStackDriver()
#12 /var/www/dev.org/vendor/laravel/framework/src/Illuminate/Log/LogManager.php(137): Illuminate\\Log\\LogManager->resolve()
#13 /var/www/dev.org/vendor/laravel/framework/src/Illuminate/Log/LogManager.php(124): Illuminate\\Log\\LogManager->get()
#14 /var/www/dev.org/vendor/laravel/framework/src/Illuminate/Log/LogManager.php(743): Illuminate\\Log\\LogManager->driver()
#15 /var/www/dev.org/vendor/barryvdh/laravel-debugbar/src/LaravelDebugbar.php(252): Illuminate\\Log\\LogManager->__call()
#16 /var/www/dev.org/vendor/barryvdh/laravel-debugbar/src/Middleware/InjectDebugbar.php(62): Barryvdh\\Debugbar\\LaravelDebugbar->boot()
#17 /var/www/dev.org/vendor/laravel/framework/src/Illuminate/Pipeline/Pipeline.php(180): Barryvdh\\Debugbar\\Middleware\\InjectDebugbar->handle()
#18 /var/www/dev.org/vendor/laravel/framework/src/Illuminate/Foundation/Http/Middleware/TransformsRequest.php(21): Illuminate\\Pipeline\\Pipeline->Illuminate\\Pipeline\\{closure}()
#19 /var/www/dev.org/vendor/laravel/framework/src/Illuminate/Foundation/Http/Middleware/ConvertEmptyStringsToNull.php(31): Illuminate\\Foundation\\Http\\Middleware\\TransformsRequest->handle()
#20 /var/www/dev.org/vendor/laravel/framework/src/Illuminate/Pipeline/Pipeline.php(180): Illuminate\\Foundation\\Http\\Middleware\\ConvertEmptyStringsToNull->handle()
#21 /var/www/dev.org/vendor/laravel/framework/src/Illuminate/Foundation/Http/Middleware/TransformsRequest.php(21): Illuminate\\Pipeline\\Pipeline->Illuminate\\Pipeline\\{closure}()
#22 /var/www/dev.org/vendor/laravel/framework/src/Illuminate/Foundation/Http/Middleware/TrimStrings.php(40): Illuminate\\Foundation\\Http\\Middleware\\TransformsRequest->handle()
#23 /var/www/dev.org/vendor/laravel/framework/src/Illuminate/Pipeline/Pipeline.php(180): Illuminate\\Foundation\\Http\\Middleware\\TrimStrings->handle()
#24 /var/www/dev.org/vendor/laravel/framework/src/Illuminate/Foundation/Http/Middleware/ValidatePostSize.php(27): Illuminate\\Pipeline\\Pipeline->Illuminate\\Pipeline\\{closure}()
#25 /var/www/dev.org/vendor/laravel/framework/src/Illuminate/Pipeline/Pipeline.php(180): Illuminate\\Foundation\\Http\\Middleware\\ValidatePostSize->handle()
#26 /var/www/dev.org/vendor/laravel/framework/src/Illuminate/Foundation/Http/Middleware/PreventRequestsDuringMaintenance.php(86): Illuminate\\Pipeline\\Pipeline->Illuminate\\Pipeline\\{closure}()
#27 /var/www/dev.org/vendor/laravel/framework/src/Illuminate/Pipeline/Pipeline.php(180): Illuminate\\Foundation\\Http\\Middleware\\PreventRequestsDuringMaintenance->handle()
#28 /var/www/dev.org/vendor/laravel/framework/src/Illuminate/Http/Middleware/HandleCors.php(49): Illuminate\\Pipeline\\Pipeline->Illuminate\\Pipeline\\{closure}()
#29 /var/www/dev.org/vendor/laravel/framework/src/Illuminate/Pipeline/Pipeline.php(180): Illuminate\\Http\\Middleware\\HandleCors->handle()
#30 /var/www/dev.org/vendor/laravel/framework/src/Illuminate/Http/Middleware/TrustProxies.php(39): Illuminate\\Pipeline\\Pipeline->Illuminate\\Pipeline\\{closure}()
#31 /var/www/dev.org/vendor/laravel/framework/src/Illuminate/Pipeline/Pipeline.php(180): Illuminate\\Http\\Middleware\\TrustProxies->handle()
#32 /var/www/dev.org/vendor/laravel/framework/src/Illuminate/Pipeline/Pipeline.php(116): Illuminate\\Pipeline\\Pipeline->Illuminate\\Pipeline\\{closure}()
#33 /var/www/dev.org/vendor/laravel/framework/src/Illuminate/Foundation/Http/Kernel.php(175): Illuminate\\Pipeline\\Pipeline->then()
#34 /var/www/dev.org/vendor/laravel/framework/src/Illuminate/Foundation/Http/Kernel.php(144): Illuminate\\Foundation\\Http\\Kernel->sendRequestThroughRouter()
#35 /var/www/dev.org/public/index.php(51): Illuminate\\Foundation\\Http\\Kernel->handle()
#36 {main}
"} 
[2023-07-13 08:00:15] production.ERROR: Hello 12345  
[2023-07-13 08:00:15] production.ERROR: Hello 12345  
[2023-07-13 08:00:39] laravel.EMERGENCY: Unable to create configured logger. Using emergency logger. {"exception":"[object] (InvalidArgumentException(code: 0): Invalid log level. at /var/www/dev.org/vendor/laravel/framework/src/Illuminate/Log/ParsesLogConfiguration.php:49)
[stacktrace]
#0 /var/www/dev.org/vendor/laravel/framework/src/Illuminate/Log/LogManager.php(311): Illuminate\\Log\\LogManager->level()
#1 /var/www/dev.org/vendor/laravel/framework/src/Illuminate/Log/LogManager.php(222): Illuminate\\Log\\LogManager->createDailyDriver()
#2 /var/www/dev.org/vendor/laravel/framework/src/Illuminate/Log/LogManager.php(137): Illuminate\\Log\\LogManager->resolve()
#3 /var/www/dev.org/vendor/laravel/framework/src/Illuminate/Log/LogManager.php(124): Illuminate\\Log\\LogManager->get()
#4 /var/www/dev.org/vendor/laravel/framework/src/Illuminate/Log/LogManager.php(113): Illuminate\\Log\\LogManager->driver()
#5 /var/www/dev.org/vendor/laravel/framework/src/Illuminate/Log/LogManager.php(267): Illuminate\\Log\\LogManager->channel()
#6 [internal function]: Illuminate\\Log\\LogManager->Illuminate\\Log\\{closure}()
#7 /var/www/dev.org/vendor/laravel/framework/src/Illuminate/Collections/Arr.php(558): array_map()
#8 /var/www/dev.org/vendor/laravel/framework/src/Illuminate/Collections/Collection.php(772): Illuminate\\Support\\Arr::map()
#9 /var/www/dev.org/vendor/laravel/framework/src/Illuminate/Collections/Traits/EnumeratesValues.php(371): Illuminate\\Support\\Collection->map()
#10 /var/www/dev.org/vendor/laravel/framework/src/Illuminate/Log/LogManager.php(264): Illuminate\\Support\\Collection->flatMap()
#11 /var/www/dev.org/vendor/laravel/framework/src/Illuminate/Log/LogManager.php(222): Illuminate\\Log\\LogManager->createStackDriver()
#12 /var/www/dev.org/vendor/laravel/framework/src/Illuminate/Log/LogManager.php(137): Illuminate\\Log\\LogManager->resolve()
#13 /var/www/dev.org/vendor/laravel/framework/src/Illuminate/Log/LogManager.php(124): Illuminate\\Log\\LogManager->get()
#14 /var/www/dev.org/vendor/laravel/framework/src/Illuminate/Log/LogManager.php(743): Illuminate\\Log\\LogManager->driver()
#15 /var/www/dev.org/vendor/barryvdh/laravel-debugbar/src/LaravelDebugbar.php(252): Illuminate\\Log\\LogManager->__call()
#16 /var/www/dev.org/vendor/barryvdh/laravel-debugbar/src/Middleware/InjectDebugbar.php(62): Barryvdh\\Debugbar\\LaravelDebugbar->boot()
#17 /var/www/dev.org/vendor/laravel/framework/src/Illuminate/Pipeline/Pipeline.php(180): Barryvdh\\Debugbar\\Middleware\\InjectDebugbar->handle()
#18 /var/www/dev.org/vendor/laravel/framework/src/Illuminate/Foundation/Http/Middleware/TransformsRequest.php(21): Illuminate\\Pipeline\\Pipeline->Illuminate\\Pipeline\\{closure}()
#19 /var/www/dev.org/vendor/laravel/framework/src/Illuminate/Foundation/Http/Middleware/ConvertEmptyStringsToNull.php(31): Illuminate\\Foundation\\Http\\Middleware\\TransformsRequest->handle()
#20 /var/www/dev.org/vendor/laravel/framework/src/Illuminate/Pipeline/Pipeline.php(180): Illuminate\\Foundation\\Http\\Middleware\\ConvertEmptyStringsToNull->handle()
#21 /var/www/dev.org/vendor/laravel/framework/src/Illuminate/Foundation/Http/Middleware/TransformsRequest.php(21): Illuminate\\Pipeline\\Pipeline->Illuminate\\Pipeline\\{closure}()
#22 /var/www/dev.org/vendor/laravel/framework/src/Illuminate/Foundation/Http/Middleware/TrimStrings.php(40): Illuminate\\Foundation\\Http\\Middleware\\TransformsRequest->handle()
#23 /var/www/dev.org/vendor/laravel/framework/src/Illuminate/Pipeline/Pipeline.php(180): Illuminate\\Foundation\\Http\\Middleware\\TrimStrings->handle()
#24 /var/www/dev.org/vendor/laravel/framework/src/Illuminate/Foundation/Http/Middleware/ValidatePostSize.php(27): Illuminate\\Pipeline\\Pipeline->Illuminate\\Pipeline\\{closure}()
#25 /var/www/dev.org/vendor/laravel/framework/src/Illuminate/Pipeline/Pipeline.php(180): Illuminate\\Foundation\\Http\\Middleware\\ValidatePostSize->handle()
#26 /var/www/dev.org/vendor/laravel/framework/src/Illuminate/Foundation/Http/Middleware/PreventRequestsDuringMaintenance.php(86): Illuminate\\Pipeline\\Pipeline->Illuminate\\Pipeline\\{closure}()
#27 /var/www/dev.org/vendor/laravel/framework/src/Illuminate/Pipeline/Pipeline.php(180): Illuminate\\Foundation\\Http\\Middleware\\PreventRequestsDuringMaintenance->handle()
#28 /var/www/dev.org/vendor/laravel/framework/src/Illuminate/Http/Middleware/HandleCors.php(49): Illuminate\\Pipeline\\Pipeline->Illuminate\\Pipeline\\{closure}()
#29 /var/www/dev.org/vendor/laravel/framework/src/Illuminate/Pipeline/Pipeline.php(180): Illuminate\\Http\\Middleware\\HandleCors->handle()
#30 /var/www/dev.org/vendor/laravel/framework/src/Illuminate/Http/Middleware/TrustProxies.php(39): Illuminate\\Pipeline\\Pipeline->Illuminate\\Pipeline\\{closure}()
#31 /var/www/dev.org/vendor/laravel/framework/src/Illuminate/Pipeline/Pipeline.php(180): Illuminate\\Http\\Middleware\\TrustProxies->handle()
#32 /var/www/dev.org/vendor/laravel/framework/src/Illuminate/Pipeline/Pipeline.php(116): Illuminate\\Pipeline\\Pipeline->Illuminate\\Pipeline\\{closure}()
#33 /var/www/dev.org/vendor/laravel/framework/src/Illuminate/Foundation/Http/Kernel.php(175): Illuminate\\Pipeline\\Pipeline->then()
#34 /var/www/dev.org/vendor/laravel/framework/src/Illuminate/Foundation/Http/Kernel.php(144): Illuminate\\Foundation\\Http\\Kernel->sendRequestThroughRouter()
#35 /var/www/dev.org/public/index.php(51): Illuminate\\Foundation\\Http\\Kernel->handle()
#36 {main}
"} 
[2023-07-13 08:00:39] laravel.EMERGENCY: Unable to create configured logger. Using emergency logger. {"exception":"[object] (InvalidArgumentException(code: 0): Invalid log level. at /var/www/dev.org/vendor/laravel/framework/src/Illuminate/Log/ParsesLogConfiguration.php:49)
[stacktrace]
#0 /var/www/dev.org/vendor/laravel/framework/src/Illuminate/Log/LogManager.php(334): Illuminate\\Log\\LogManager->level()
#1 /var/www/dev.org/vendor/laravel/framework/src/Illuminate/Log/LogManager.php(222): Illuminate\\Log\\LogManager->createSlackDriver()
#2 /var/www/dev.org/vendor/laravel/framework/src/Illuminate/Log/LogManager.php(137): Illuminate\\Log\\LogManager->resolve()
#3 /var/www/dev.org/vendor/laravel/framework/src/Illuminate/Log/LogManager.php(124): Illuminate\\Log\\LogManager->get()
#4 /var/www/dev.org/vendor/laravel/framework/src/Illuminate/Log/LogManager.php(113): Illuminate\\Log\\LogManager->driver()
#5 /var/www/dev.org/vendor/laravel/framework/src/Illuminate/Log/LogManager.php(267): Illuminate\\Log\\LogManager->channel()
#6 [internal function]: Illuminate\\Log\\LogManager->Illuminate\\Log\\{closure}()
#7 /var/www/dev.org/vendor/laravel/framework/src/Illuminate/Collections/Arr.php(558): array_map()
#8 /var/www/dev.org/vendor/laravel/framework/src/Illuminate/Collections/Collection.php(772): Illuminate\\Support\\Arr::map()
#9 /var/www/dev.org/vendor/laravel/framework/src/Illuminate/Collections/Traits/EnumeratesValues.php(371): Illuminate\\Support\\Collection->map()
#10 /var/www/dev.org/vendor/laravel/framework/src/Illuminate/Log/LogManager.php(264): Illuminate\\Support\\Collection->flatMap()
#11 /var/www/dev.org/vendor/laravel/framework/src/Illuminate/Log/LogManager.php(222): Illuminate\\Log\\LogManager->createStackDriver()
#12 /var/www/dev.org/vendor/laravel/framework/src/Illuminate/Log/LogManager.php(137): Illuminate\\Log\\LogManager->resolve()
#13 /var/www/dev.org/vendor/laravel/framework/src/Illuminate/Log/LogManager.php(124): Illuminate\\Log\\LogManager->get()
#14 /var/www/dev.org/vendor/laravel/framework/src/Illuminate/Log/LogManager.php(743): Illuminate\\Log\\LogManager->driver()
#15 /var/www/dev.org/vendor/barryvdh/laravel-debugbar/src/LaravelDebugbar.php(252): Illuminate\\Log\\LogManager->__call()
#16 /var/www/dev.org/vendor/barryvdh/laravel-debugbar/src/Middleware/InjectDebugbar.php(62): Barryvdh\\Debugbar\\LaravelDebugbar->boot()
#17 /var/www/dev.org/vendor/laravel/framework/src/Illuminate/Pipeline/Pipeline.php(180): Barryvdh\\Debugbar\\Middleware\\InjectDebugbar->handle()
#18 /var/www/dev.org/vendor/laravel/framework/src/Illuminate/Foundation/Http/Middleware/TransformsRequest.php(21): Illuminate\\Pipeline\\Pipeline->Illuminate\\Pipeline\\{closure}()
#19 /var/www/dev.org/vendor/laravel/framework/src/Illuminate/Foundation/Http/Middleware/ConvertEmptyStringsToNull.php(31): Illuminate\\Foundation\\Http\\Middleware\\TransformsRequest->handle()
#20 /var/www/dev.org/vendor/laravel/framework/src/Illuminate/Pipeline/Pipeline.php(180): Illuminate\\Foundation\\Http\\Middleware\\ConvertEmptyStringsToNull->handle()
#21 /var/www/dev.org/vendor/laravel/framework/src/Illuminate/Foundation/Http/Middleware/TransformsRequest.php(21): Illuminate\\Pipeline\\Pipeline->Illuminate\\Pipeline\\{closure}()
#22 /var/www/dev.org/vendor/laravel/framework/src/Illuminate/Foundation/Http/Middleware/TrimStrings.php(40): Illuminate\\Foundation\\Http\\Middleware\\TransformsRequest->handle()
#23 /var/www/dev.org/vendor/laravel/framework/src/Illuminate/Pipeline/Pipeline.php(180): Illuminate\\Foundation\\Http\\Middleware\\TrimStrings->handle()
#24 /var/www/dev.org/vendor/laravel/framework/src/Illuminate/Foundation/Http/Middleware/ValidatePostSize.php(27): Illuminate\\Pipeline\\Pipeline->Illuminate\\Pipeline\\{closure}()
#25 /var/www/dev.org/vendor/laravel/framework/src/Illuminate/Pipeline/Pipeline.php(180): Illuminate\\Foundation\\Http\\Middleware\\ValidatePostSize->handle()
#26 /var/www/dev.org/vendor/laravel/framework/src/Illuminate/Foundation/Http/Middleware/PreventRequestsDuringMaintenance.php(86): Illuminate\\Pipeline\\Pipeline->Illuminate\\Pipeline\\{closure}()
#27 /var/www/dev.org/vendor/laravel/framework/src/Illuminate/Pipeline/Pipeline.php(180): Illuminate\\Foundation\\Http\\Middleware\\PreventRequestsDuringMaintenance->handle()
#28 /var/www/dev.org/vendor/laravel/framework/src/Illuminate/Http/Middleware/HandleCors.php(49): Illuminate\\Pipeline\\Pipeline->Illuminate\\Pipeline\\{closure}()
#29 /var/www/dev.org/vendor/laravel/framework/src/Illuminate/Pipeline/Pipeline.php(180): Illuminate\\Http\\Middleware\\HandleCors->handle()
#30 /var/www/dev.org/vendor/laravel/framework/src/Illuminate/Http/Middleware/TrustProxies.php(39): Illuminate\\Pipeline\\Pipeline->Illuminate\\Pipeline\\{closure}()
#31 /var/www/dev.org/vendor/laravel/framework/src/Illuminate/Pipeline/Pipeline.php(180): Illuminate\\Http\\Middleware\\TrustProxies->handle()
#32 /var/www/dev.org/vendor/laravel/framework/src/Illuminate/Pipeline/Pipeline.php(116): Illuminate\\Pipeline\\Pipeline->Illuminate\\Pipeline\\{closure}()
#33 /var/www/dev.org/vendor/laravel/framework/src/Illuminate/Foundation/Http/Kernel.php(175): Illuminate\\Pipeline\\Pipeline->then()
#34 /var/www/dev.org/vendor/laravel/framework/src/Illuminate/Foundation/Http/Kernel.php(144): Illuminate\\Foundation\\Http\\Kernel->sendRequestThroughRouter()
#35 /var/www/dev.org/public/index.php(51): Illuminate\\Foundation\\Http\\Kernel->handle()
#36 {main}
"} 
[2023-07-13 08:00:39] laravel.EMERGENCY: Unable to create configured logger. Using emergency logger. {"exception":"[object] (InvalidArgumentException(code: 0): Invalid log level. at /var/www/dev.org/vendor/laravel/framework/src/Illuminate/Log/ParsesLogConfiguration.php:49)
[stacktrace]
#0 /var/www/dev.org/vendor/laravel/framework/src/Illuminate/Log/LogManager.php(311): Illuminate\\Log\\LogManager->level()
#1 /var/www/dev.org/vendor/laravel/framework/src/Illuminate/Log/LogManager.php(222): Illuminate\\Log\\LogManager->createDailyDriver()
#2 /var/www/dev.org/vendor/laravel/framework/src/Illuminate/Log/LogManager.php(137): Illuminate\\Log\\LogManager->resolve()
#3 /var/www/dev.org/vendor/laravel/framework/src/Illuminate/Log/LogManager.php(124): Illuminate\\Log\\LogManager->get()
#4 /var/www/dev.org/vendor/laravel/framework/src/Illuminate/Log/LogManager.php(113): Illuminate\\Log\\LogManager->driver()
#5 /var/www/dev.org/vendor/laravel/framework/src/Illuminate/Log/LogManager.php(273): Illuminate\\Log\\LogManager->channel()
#6 [internal function]: Illuminate\\Log\\LogManager->Illuminate\\Log\\{closure}()
#7 /var/www/dev.org/vendor/laravel/framework/src/Illuminate/Collections/Arr.php(558): array_map()
#8 /var/www/dev.org/vendor/laravel/framework/src/Illuminate/Collections/Collection.php(772): Illuminate\\Support\\Arr::map()
#9 /var/www/dev.org/vendor/laravel/framework/src/Illuminate/Collections/Traits/EnumeratesValues.php(371): Illuminate\\Support\\Collection->map()
#10 /var/www/dev.org/vendor/laravel/framework/src/Illuminate/Log/LogManager.php(270): Illuminate\\Support\\Collection->flatMap()
#11 /var/www/dev.org/vendor/laravel/framework/src/Illuminate/Log/LogManager.php(222): Illuminate\\Log\\LogManager->createStackDriver()
#12 /var/www/dev.org/vendor/laravel/framework/src/Illuminate/Log/LogManager.php(137): Illuminate\\Log\\LogManager->resolve()
#13 /var/www/dev.org/vendor/laravel/framework/src/Illuminate/Log/LogManager.php(124): Illuminate\\Log\\LogManager->get()
#14 /var/www/dev.org/vendor/laravel/framework/src/Illuminate/Log/LogManager.php(743): Illuminate\\Log\\LogManager->driver()
#15 /var/www/dev.org/vendor/barryvdh/laravel-debugbar/src/LaravelDebugbar.php(252): Illuminate\\Log\\LogManager->__call()
#16 /var/www/dev.org/vendor/barryvdh/laravel-debugbar/src/Middleware/InjectDebugbar.php(62): Barryvdh\\Debugbar\\LaravelDebugbar->boot()
#17 /var/www/dev.org/vendor/laravel/framework/src/Illuminate/Pipeline/Pipeline.php(180): Barryvdh\\Debugbar\\Middleware\\InjectDebugbar->handle()
#18 /var/www/dev.org/vendor/laravel/framework/src/Illuminate/Foundation/Http/Middleware/TransformsRequest.php(21): Illuminate\\Pipeline\\Pipeline->Illuminate\\Pipeline\\{closure}()
#19 /var/www/dev.org/vendor/laravel/framework/src/Illuminate/Foundation/Http/Middleware/ConvertEmptyStringsToNull.php(31): Illuminate\\Foundation\\Http\\Middleware\\TransformsRequest->handle()
#20 /var/www/dev.org/vendor/laravel/framework/src/Illuminate/Pipeline/Pipeline.php(180): Illuminate\\Foundation\\Http\\Middleware\\ConvertEmptyStringsToNull->handle()
#21 /var/www/dev.org/vendor/laravel/framework/src/Illuminate/Foundation/Http/Middleware/TransformsRequest.php(21): Illuminate\\Pipeline\\Pipeline->Illuminate\\Pipeline\\{closure}()
#22 /var/www/dev.org/vendor/laravel/framework/src/Illuminate/Foundation/Http/Middleware/TrimStrings.php(40): Illuminate\\Foundation\\Http\\Middleware\\TransformsRequest->handle()
#23 /var/www/dev.org/vendor/laravel/framework/src/Illuminate/Pipeline/Pipeline.php(180): Illuminate\\Foundation\\Http\\Middleware\\TrimStrings->handle()
#24 /var/www/dev.org/vendor/laravel/framework/src/Illuminate/Foundation/Http/Middleware/ValidatePostSize.php(27): Illuminate\\Pipeline\\Pipeline->Illuminate\\Pipeline\\{closure}()
#25 /var/www/dev.org/vendor/laravel/framework/src/Illuminate/Pipeline/Pipeline.php(180): Illuminate\\Foundation\\Http\\Middleware\\ValidatePostSize->handle()
#26 /var/www/dev.org/vendor/laravel/framework/src/Illuminate/Foundation/Http/Middleware/PreventRequestsDuringMaintenance.php(86): Illuminate\\Pipeline\\Pipeline->Illuminate\\Pipeline\\{closure}()
#27 /var/www/dev.org/vendor/laravel/framework/src/Illuminate/Pipeline/Pipeline.php(180): Illuminate\\Foundation\\Http\\Middleware\\PreventRequestsDuringMaintenance->handle()
#28 /var/www/dev.org/vendor/laravel/framework/src/Illuminate/Http/Middleware/HandleCors.php(49): Illuminate\\Pipeline\\Pipeline->Illuminate\\Pipeline\\{closure}()
#29 /var/www/dev.org/vendor/laravel/framework/src/Illuminate/Pipeline/Pipeline.php(180): Illuminate\\Http\\Middleware\\HandleCors->handle()
#30 /var/www/dev.org/vendor/laravel/framework/src/Illuminate/Http/Middleware/TrustProxies.php(39): Illuminate\\Pipeline\\Pipeline->Illuminate\\Pipeline\\{closure}()
#31 /var/www/dev.org/vendor/laravel/framework/src/Illuminate/Pipeline/Pipeline.php(180): Illuminate\\Http\\Middleware\\TrustProxies->handle()
#32 /var/www/dev.org/vendor/laravel/framework/src/Illuminate/Pipeline/Pipeline.php(116): Illuminate\\Pipeline\\Pipeline->Illuminate\\Pipeline\\{closure}()
#33 /var/www/dev.org/vendor/laravel/framework/src/Illuminate/Foundation/Http/Kernel.php(175): Illuminate\\Pipeline\\Pipeline->then()
#34 /var/www/dev.org/vendor/laravel/framework/src/Illuminate/Foundation/Http/Kernel.php(144): Illuminate\\Foundation\\Http\\Kernel->sendRequestThroughRouter()
#35 /var/www/dev.org/public/index.php(51): Illuminate\\Foundation\\Http\\Kernel->handle()
#36 {main}
"} 
[2023-07-13 08:00:39] laravel.EMERGENCY: Unable to create configured logger. Using emergency logger. {"exception":"[object] (InvalidArgumentException(code: 0): Invalid log level. at /var/www/dev.org/vendor/laravel/framework/src/Illuminate/Log/ParsesLogConfiguration.php:49)
[stacktrace]
#0 /var/www/dev.org/vendor/laravel/framework/src/Illuminate/Log/LogManager.php(334): Illuminate\\Log\\LogManager->level()
#1 /var/www/dev.org/vendor/laravel/framework/src/Illuminate/Log/LogManager.php(222): Illuminate\\Log\\LogManager->createSlackDriver()
#2 /var/www/dev.org/vendor/laravel/framework/src/Illuminate/Log/LogManager.php(137): Illuminate\\Log\\LogManager->resolve()
#3 /var/www/dev.org/vendor/laravel/framework/src/Illuminate/Log/LogManager.php(124): Illuminate\\Log\\LogManager->get()
#4 /var/www/dev.org/vendor/laravel/framework/src/Illuminate/Log/LogManager.php(113): Illuminate\\Log\\LogManager->driver()
#5 /var/www/dev.org/vendor/laravel/framework/src/Illuminate/Log/LogManager.php(273): Illuminate\\Log\\LogManager->channel()
#6 [internal function]: Illuminate\\Log\\LogManager->Illuminate\\Log\\{closure}()
#7 /var/www/dev.org/vendor/laravel/framework/src/Illuminate/Collections/Arr.php(558): array_map()
#8 /var/www/dev.org/vendor/laravel/framework/src/Illuminate/Collections/Collection.php(772): Illuminate\\Support\\Arr::map()
#9 /var/www/dev.org/vendor/laravel/framework/src/Illuminate/Collections/Traits/EnumeratesValues.php(371): Illuminate\\Support\\Collection->map()
#10 /var/www/dev.org/vendor/laravel/framework/src/Illuminate/Log/LogManager.php(270): Illuminate\\Support\\Collection->flatMap()
#11 /var/www/dev.org/vendor/laravel/framework/src/Illuminate/Log/LogManager.php(222): Illuminate\\Log\\LogManager->createStackDriver()
#12 /var/www/dev.org/vendor/laravel/framework/src/Illuminate/Log/LogManager.php(137): Illuminate\\Log\\LogManager->resolve()
#13 /var/www/dev.org/vendor/laravel/framework/src/Illuminate/Log/LogManager.php(124): Illuminate\\Log\\LogManager->get()
#14 /var/www/dev.org/vendor/laravel/framework/src/Illuminate/Log/LogManager.php(743): Illuminate\\Log\\LogManager->driver()
#15 /var/www/dev.org/vendor/barryvdh/laravel-debugbar/src/LaravelDebugbar.php(252): Illuminate\\Log\\LogManager->__call()
#16 /var/www/dev.org/vendor/barryvdh/laravel-debugbar/src/Middleware/InjectDebugbar.php(62): Barryvdh\\Debugbar\\LaravelDebugbar->boot()
#17 /var/www/dev.org/vendor/laravel/framework/src/Illuminate/Pipeline/Pipeline.php(180): Barryvdh\\Debugbar\\Middleware\\InjectDebugbar->handle()
#18 /var/www/dev.org/vendor/laravel/framework/src/Illuminate/Foundation/Http/Middleware/TransformsRequest.php(21): Illuminate\\Pipeline\\Pipeline->Illuminate\\Pipeline\\{closure}()
#19 /var/www/dev.org/vendor/laravel/framework/src/Illuminate/Foundation/Http/Middleware/ConvertEmptyStringsToNull.php(31): Illuminate\\Foundation\\Http\\Middleware\\TransformsRequest->handle()
#20 /var/www/dev.org/vendor/laravel/framework/src/Illuminate/Pipeline/Pipeline.php(180): Illuminate\\Foundation\\Http\\Middleware\\ConvertEmptyStringsToNull->handle()
#21 /var/www/dev.org/vendor/laravel/framework/src/Illuminate/Foundation/Http/Middleware/TransformsRequest.php(21): Illuminate\\Pipeline\\Pipeline->Illuminate\\Pipeline\\{closure}()
#22 /var/www/dev.org/vendor/laravel/framework/src/Illuminate/Foundation/Http/Middleware/TrimStrings.php(40): Illuminate\\Foundation\\Http\\Middleware\\TransformsRequest->handle()
#23 /var/www/dev.org/vendor/laravel/framework/src/Illuminate/Pipeline/Pipeline.php(180): Illuminate\\Foundation\\Http\\Middleware\\TrimStrings->handle()
#24 /var/www/dev.org/vendor/laravel/framework/src/Illuminate/Foundation/Http/Middleware/ValidatePostSize.php(27): Illuminate\\Pipeline\\Pipeline->Illuminate\\Pipeline\\{closure}()
#25 /var/www/dev.org/vendor/laravel/framework/src/Illuminate/Pipeline/Pipeline.php(180): Illuminate\\Foundation\\Http\\Middleware\\ValidatePostSize->handle()
#26 /var/www/dev.org/vendor/laravel/framework/src/Illuminate/Foundation/Http/Middleware/PreventRequestsDuringMaintenance.php(86): Illuminate\\Pipeline\\Pipeline->Illuminate\\Pipeline\\{closure}()
#27 /var/www/dev.org/vendor/laravel/framework/src/Illuminate/Pipeline/Pipeline.php(180): Illuminate\\Foundation\\Http\\Middleware\\PreventRequestsDuringMaintenance->handle()
#28 /var/www/dev.org/vendor/laravel/framework/src/Illuminate/Http/Middleware/HandleCors.php(49): Illuminate\\Pipeline\\Pipeline->Illuminate\\Pipeline\\{closure}()
#29 /var/www/dev.org/vendor/laravel/framework/src/Illuminate/Pipeline/Pipeline.php(180): Illuminate\\Http\\Middleware\\HandleCors->handle()
#30 /var/www/dev.org/vendor/laravel/framework/src/Illuminate/Http/Middleware/TrustProxies.php(39): Illuminate\\Pipeline\\Pipeline->Illuminate\\Pipeline\\{closure}()
#31 /var/www/dev.org/vendor/laravel/framework/src/Illuminate/Pipeline/Pipeline.php(180): Illuminate\\Http\\Middleware\\TrustProxies->handle()
#32 /var/www/dev.org/vendor/laravel/framework/src/Illuminate/Pipeline/Pipeline.php(116): Illuminate\\Pipeline\\Pipeline->Illuminate\\Pipeline\\{closure}()
#33 /var/www/dev.org/vendor/laravel/framework/src/Illuminate/Foundation/Http/Kernel.php(175): Illuminate\\Pipeline\\Pipeline->then()
#34 /var/www/dev.org/vendor/laravel/framework/src/Illuminate/Foundation/Http/Kernel.php(144): Illuminate\\Foundation\\Http\\Kernel->sendRequestThroughRouter()
#35 /var/www/dev.org/public/index.php(51): Illuminate\\Foundation\\Http\\Kernel->handle()
#36 {main}
"} 
[2023-07-13 08:00:39] production.ERROR: Hello 12345  
[2023-07-13 08:00:39] production.ERROR: Hello 12345  
